#
# There is insufficient memory for the Java Runtime Environment to continue.
# Native memory allocation (malloc) failed to allocate 32744 bytes for ChunkPool::allocate
# Possible reasons:
#   The system is out of physical RAM or swap space
#   The process is running with CompressedOops enabled, and the Java Heap may be blocking the growth of the native heap
# Possible solutions:
#   Reduce memory load on the system
#   Increase physical memory or swap space
#   Check if swap backing store is full
#   Decrease Java heap size (-Xmx/-Xms)
#   Decrease number of Java threads
#   Decrease Java thread stack sizes (-Xss)
#   Set larger code cache with -XX:ReservedCodeCacheSize=
#   JVM is running with Unscaled Compressed Oops mode in which the Java heap is
#     placed in the first 4GB address space. The Java Heap base address is the
#     maximum limit for the native heap growth. Please use -XX:HeapBaseMinAddress
#     to set the Java Heap base and to place the Java Heap above 4GB virtual address.
# This output file may be truncated or incomplete.
#
#  Out of Memory Error (allocation.cpp:272), pid=20328, tid=0x0000000000004550
#
# JRE version: OpenJDK Runtime Environment (8.0_202-b03) (build 1.8.0_202-release-1483-b03)
# Java VM: OpenJDK 64-Bit Server VM (25.202-b03 mixed mode windows-amd64 compressed oops)
# Failed to write core dump. Minidumps are not enabled by default on client versions of Windows
#

---------------  T H R E A D  ---------------

Current thread (0x0000000018fb0000):  JavaThread "C2 CompilerThread2" daemon [_thread_in_native, id=17744, stack(0x0000000019aa0000,0x0000000019ba0000)]

Stack: [0x0000000019aa0000,0x0000000019ba0000]
[error occurred during error reporting (printing stack bounds), id 0xc0000005]

Native frames: (J=compiled Java code, j=interpreted, Vv=VM code, C=native code)


Current CompileTask:
C2:  10229 4046       4       com.sun.beans.TypeResolver::resolve (37 bytes)


---------------  P R O C E S S  ---------------

Java Threads: ( => current thread )
  0x000000001e2f3000 JavaThread "Cache worker for Build Output Cleanup Cache (D:\projects\CinepolisChile\RecycleDataBinding\.gradle\buildOutputCleanup)" [_thread_blocked, id=5652, stack(0x0000000023350000,0x0000000023450000)]
  0x000000001e2ef800 JavaThread "pool-1-thread-1" [_thread_blocked, id=3608, stack(0x0000000023050000,0x0000000023150000)]
  0x000000001e2f1000 JavaThread "Build operations Thread 8" [_thread_blocked, id=8128, stack(0x0000000022b50000,0x0000000022c50000)]
  0x000000001e2eb000 JavaThread "Build operations Thread 7" [_thread_blocked, id=14532, stack(0x0000000022a50000,0x0000000022b50000)]
  0x000000001e2f1800 JavaThread "Build operations Thread 6" [_thread_blocked, id=1544, stack(0x0000000022950000,0x0000000022a50000)]
  0x000000001e2ee800 JavaThread "Build operations Thread 5" [_thread_blocked, id=4672, stack(0x0000000022850000,0x0000000022950000)]
  0x000000001e2ec800 JavaThread "Build operations Thread 4" [_thread_blocked, id=17476, stack(0x0000000022750000,0x0000000022850000)]
  0x000000001e2e9800 JavaThread "Build operations Thread 3" [_thread_blocked, id=18248, stack(0x0000000022650000,0x0000000022750000)]
  0x000000001e2f0000 JavaThread "Build operations Thread 2" [_thread_blocked, id=9976, stack(0x0000000022550000,0x0000000022650000)]
  0x000000001e2ea000 JavaThread "Build operations" [_thread_blocked, id=5144, stack(0x00000000221d0000,0x00000000222d0000)]
  0x000000001e2ee000 JavaThread "Cache worker for execution history cache (C:\Users\daxis\.gradle\caches\5.4.1\executionHistory)" [_thread_blocked, id=19176, stack(0x0000000021ed0000,0x0000000021fd0000)]
  0x000000001cb2c800 JavaThread "Cache worker for cache directory md-rule (C:\Users\daxis\.gradle\caches\5.4.1\md-rule)" [_thread_blocked, id=16640, stack(0x0000000020530000,0x0000000020630000)]
  0x000000001cb2e000 JavaThread "Cache worker for cache directory md-supplier (C:\Users\daxis\.gradle\caches\5.4.1\md-supplier)" [_thread_blocked, id=11504, stack(0x0000000020290000,0x0000000020390000)]
  0x000000001cb2f800 JavaThread "Cache worker for file hash cache (D:\projects\CinepolisChile\RecycleDataBinding\.gradle\5.4.1\fileHashes)" [_thread_blocked, id=9288, stack(0x0000000020430000,0x0000000020530000)]
  0x000000001cb2d000 JavaThread "Cache worker for journal cache (C:\Users\daxis\.gradle\caches\journal-1)" [_thread_blocked, id=6424, stack(0x000000001dbf0000,0x000000001dcf0000)]
  0x000000001cb2e800 JavaThread "File lock request listener" [_thread_in_native, id=19340, stack(0x000000001daf0000,0x000000001dbf0000)]
  0x000000001b4fe000 JavaThread "Cache worker for file hash cache (C:\Users\daxis\.gradle\caches\5.4.1\fileHashes)" [_thread_blocked, id=5008, stack(0x000000001d9f0000,0x000000001daf0000)]
  0x000000001b3a7800 JavaThread "Thread-9" [_thread_blocked, id=18892, stack(0x000000001c920000,0x000000001ca20000)]
  0x000000001b3d9800 JavaThread "Stdin handler" [_thread_blocked, id=20444, stack(0x000000001c820000,0x000000001c920000)]
  0x000000001b325800 JavaThread "Asynchronous log dispatcher for DefaultDaemonConnection: socket connection from /127.0.0.1:56251 to /127.0.0.1:56252" [_thread_blocked, id=12460, stack(0x000000001c620000,0x000000001c720000)]
  0x000000001b322000 JavaThread "Daemon worker" [_thread_in_vm, id=13396, stack(0x000000001c520000,0x000000001c620000)]
  0x000000001b321000 JavaThread "Cancel handler" [_thread_blocked, id=15828, stack(0x000000001c420000,0x000000001c520000)]
  0x000000001b30a000 JavaThread "Handler for socket connection from /127.0.0.1:56251 to /127.0.0.1:56252" [_thread_in_native, id=12860, stack(0x000000001c120000,0x000000001c220000)]
  0x000000001b30c000 JavaThread "Daemon" [_thread_blocked, id=19520, stack(0x000000001c020000,0x000000001c120000)]
  0x000000001b2d3000 JavaThread "Daemon periodic checks" [_thread_blocked, id=16104, stack(0x000000001bf20000,0x000000001c020000)]
  0x000000001b2c9000 JavaThread "Incoming local TCP Connector on port 56251" [_thread_in_native, id=12028, stack(0x000000001bcb0000,0x000000001bdb0000)]
  0x000000001aa76000 JavaThread "Daemon health stats" [_thread_blocked, id=11316, stack(0x000000001b670000,0x000000001b770000)]
  0x0000000019053800 JavaThread "Service Thread" daemon [_thread_blocked, id=9468, stack(0x0000000019ca0000,0x0000000019da0000)]
  0x0000000018fc0800 JavaThread "C1 CompilerThread3" daemon [_thread_blocked, id=1784, stack(0x0000000019ba0000,0x0000000019ca0000)]
=>0x0000000018fb0000 JavaThread "C2 CompilerThread2" daemon [_thread_in_native, id=17744, stack(0x0000000019aa0000,0x0000000019ba0000)]
  0x0000000018fad000 JavaThread "C2 CompilerThread1" daemon [_thread_in_native, id=10496, stack(0x00000000199a0000,0x0000000019aa0000)]
  0x0000000018faa000 JavaThread "C2 CompilerThread0" daemon [_thread_blocked, id=13080, stack(0x00000000198a0000,0x00000000199a0000)]
  0x0000000018fa8000 JavaThread "Attach Listener" daemon [_thread_blocked, id=19020, stack(0x00000000197a0000,0x00000000198a0000)]
  0x0000000018fa5000 JavaThread "Signal Dispatcher" daemon [_thread_blocked, id=10164, stack(0x00000000196a0000,0x00000000197a0000)]
  0x00000000033fe000 JavaThread "Finalizer" daemon [_thread_blocked, id=16860, stack(0x0000000019480000,0x0000000019580000)]
  0x00000000033f5800 JavaThread "Reference Handler" daemon [_thread_blocked, id=10524, stack(0x0000000019380000,0x0000000019480000)]
  0x0000000003302800 JavaThread "main" [_thread_blocked, id=7592, stack(0x0000000003200000,0x0000000003300000)]

Other Threads:
  0x00000000171b8800 VMThread [stack: 0x0000000018e80000,0x0000000018f80000] [id=15648]
  0x0000000018ff8800 WatcherThread [stack: 0x0000000019da0000,0x0000000019ea0000] [id=18144]

VM state:not at safepoint (normal execution)

VM Mutex/Monitor currently owned by a thread: None

heap address: 0x00000000a0000000, size: 1536 MB, Compressed Oops mode: 32-bit
Narrow klass base: 0x0000000000000000, Narrow klass shift: 3
Compressed class space size: 1073741824 Address: 0x0000000100000000

Heap:
 PSYoungGen      total 106496K, used 53333K [0x00000000e0000000, 0x00000000e9b00000, 0x0000000100000000)
  eden space 93696K, 43% used [0x00000000e0000000,0x00000000e2797008,0x00000000e5b80000)
  from space 12800K, 99% used [0x00000000e5b80000,0x00000000e67fe470,0x00000000e6800000)
  to   space 14848K, 0% used [0x00000000e8c80000,0x00000000e8c80000,0x00000000e9b00000)
 ParOldGen       total 179200K, used 19618K [0x00000000a0000000, 0x00000000aaf00000, 0x00000000e0000000)
  object space 179200K, 10% used [0x00000000a0000000,0x00000000a1328820,0x00000000aaf00000)
 Metaspace       used 47795K, capacity 49086K, committed 49240K, reserved 1091584K
  class space    used 6449K, capacity 6770K, committed 6784K, reserved 1048576K

Card table byte_map: [0x00000000127c0000,0x0000000012ad0000] byte_map_base: 0x00000000122c0000

Marking Bits: (ParMarkBitMap*) 0x0000000055859f30
 Begin Bits: [0x00000000134d0000, 0x0000000014cd0000)
 End Bits:   [0x0000000014cd0000, 0x00000000164d0000)

Polling page: 0x0000000000ff0000

CodeCache: size=245760Kb used=12795Kb max_used=12795Kb free=232964Kb
 bounds [0x0000000003400000, 0x0000000004090000, 0x0000000012400000]
 total_blobs=4561 nmethods=3799 adapters=675
 compilation: enabled

Compilation events (10 events):
Event: 10.210 Thread 0x0000000018fc0800 4209       3       com.google.common.collect.ImmutableList::builder (8 bytes)
Event: 10.210 Thread 0x0000000018fc0800 nmethod 4209 0x00000000040888d0 code [0x0000000004088a60, 0x0000000004088ec8]
Event: 10.212 Thread 0x0000000018fc0800 4212       3       org.gradle.api.internal.tasks.DefaultTaskContainer_Decorated::getMutationGuard (37 bytes)
Event: 10.213 Thread 0x0000000018fc0800 nmethod 4212 0x0000000004089110 code [0x0000000004089300, 0x0000000004089ca8]
Event: 10.223 Thread 0x0000000018fc0800 4217       3       java.lang.invoke.LambdaForm::signatureArity (28 bytes)
Event: 10.223 Thread 0x0000000018fc0800 nmethod 4217 0x0000000004088390 code [0x0000000004088500, 0x00000000040887e8]
Event: 10.225 Thread 0x0000000018fc0800 4218       3       com.google.common.collect.ImmutableList::<init> (5 bytes)
Event: 10.225 Thread 0x0000000018fc0800 nmethod 4218 0x0000000004087e90 code [0x0000000004088000, 0x0000000004088270]
Event: 10.226 Thread 0x0000000018fc0800 4219       3       org.gradle.api.internal.attributes.DefaultMutableAttributeContainer::asImmutable (51 bytes)
Event: 10.226 Thread 0x0000000018fc0800 nmethod 4219 0x000000000408a050 code [0x000000000408a1e0, 0x000000000408a628]

GC Heap History (10 events):
Event: 3.962 GC heap before
{Heap before GC invocations=5 (full 1):
 PSYoungGen      total 76288K, used 65536K [0x00000000e0000000, 0x00000000e5500000, 0x0000000100000000)
  eden space 65536K, 100% used [0x00000000e0000000,0x00000000e4000000,0x00000000e4000000)
  from space 10752K, 0% used [0x00000000e4000000,0x00000000e4000000,0x00000000e4a80000)
  to   space 10752K, 0% used [0x00000000e4a80000,0x00000000e4a80000,0x00000000e5500000)
 ParOldGen       total 111616K, used 11045K [0x00000000a0000000, 0x00000000a6d00000, 0x00000000e0000000)
  object space 111616K, 9% used [0x00000000a0000000,0x00000000a0ac9488,0x00000000a6d00000)
 Metaspace       used 28593K, capacity 29116K, committed 29440K, reserved 1075200K
  class space    used 3859K, capacity 4015K, committed 4096K, reserved 1048576K
Event: 3.966 GC heap after
Heap after GC invocations=5 (full 1):
 PSYoungGen      total 76288K, used 7832K [0x00000000e0000000, 0x00000000e7200000, 0x0000000100000000)
  eden space 65536K, 0% used [0x00000000e0000000,0x00000000e0000000,0x00000000e4000000)
  from space 10752K, 72% used [0x00000000e4a80000,0x00000000e52261f0,0x00000000e5500000)
  to   space 10752K, 0% used [0x00000000e4000000,0x00000000e4000000,0x00000000e4a80000)
 ParOldGen       total 111616K, used 11053K [0x00000000a0000000, 0x00000000a6d00000, 0x00000000e0000000)
  object space 111616K, 9% used [0x00000000a0000000,0x00000000a0acb488,0x00000000a6d00000)
 Metaspace       used 28593K, capacity 29116K, committed 29440K, reserved 1075200K
  class space    used 3859K, capacity 4015K, committed 4096K, reserved 1048576K
}
Event: 4.458 GC heap before
{Heap before GC invocations=6 (full 1):
 PSYoungGen      total 76288K, used 73368K [0x00000000e0000000, 0x00000000e7200000, 0x0000000100000000)
  eden space 65536K, 100% used [0x00000000e0000000,0x00000000e4000000,0x00000000e4000000)
  from space 10752K, 72% used [0x00000000e4a80000,0x00000000e52261f0,0x00000000e5500000)
  to   space 10752K, 0% used [0x00000000e4000000,0x00000000e4000000,0x00000000e4a80000)
 ParOldGen       total 111616K, used 11053K [0x00000000a0000000, 0x00000000a6d00000, 0x00000000e0000000)
  object space 111616K, 9% used [0x00000000a0000000,0x00000000a0acb488,0x00000000a6d00000)
 Metaspace       used 31938K, capacity 32500K, committed 32768K, reserved 1077248K
  class space    used 4396K, capacity 4567K, committed 4608K, reserved 1048576K
Event: 4.463 GC heap after
Heap after GC invocations=6 (full 1):
 PSYoungGen      total 76288K, used 8793K [0x00000000e0000000, 0x00000000e7580000, 0x0000000100000000)
  eden space 65536K, 0% used [0x00000000e0000000,0x00000000e0000000,0x00000000e4000000)
  from space 10752K, 81% used [0x00000000e4000000,0x00000000e4896758,0x00000000e4a80000)
  to   space 12288K, 0% used [0x00000000e6980000,0x00000000e6980000,0x00000000e7580000)
 ParOldGen       total 111616K, used 11061K [0x00000000a0000000, 0x00000000a6d00000, 0x00000000e0000000)
  object space 111616K, 9% used [0x00000000a0000000,0x00000000a0acd488,0x00000000a6d00000)
 Metaspace       used 31938K, capacity 32500K, committed 32768K, reserved 1077248K
  class space    used 4396K, capacity 4567K, committed 4608K, reserved 1048576K
}
Event: 7.298 GC heap before
{Heap before GC invocations=7 (full 1):
 PSYoungGen      total 76288K, used 60375K [0x00000000e0000000, 0x00000000e7580000, 0x0000000100000000)
  eden space 65536K, 78% used [0x00000000e0000000,0x00000000e325f6e0,0x00000000e4000000)
  from space 10752K, 81% used [0x00000000e4000000,0x00000000e4896758,0x00000000e4a80000)
  to   space 12288K, 0% used [0x00000000e6980000,0x00000000e6980000,0x00000000e7580000)
 ParOldGen       total 111616K, used 11061K [0x00000000a0000000, 0x00000000a6d00000, 0x00000000e0000000)
  object space 111616K, 9% used [0x00000000a0000000,0x00000000a0acd488,0x00000000a6d00000)
 Metaspace       used 34527K, capacity 35300K, committed 35416K, reserved 1079296K
  class space    used 4756K, capacity 4957K, committed 4992K, reserved 1048576K
Event: 7.307 GC heap after
Heap after GC invocations=7 (full 1):
 PSYoungGen      total 104448K, used 11020K [0x00000000e0000000, 0x00000000e7480000, 0x0000000100000000)
  eden space 93184K, 0% used [0x00000000e0000000,0x00000000e0000000,0x00000000e5b00000)
  from space 11264K, 97% used [0x00000000e6980000,0x00000000e74430f0,0x00000000e7480000)
  to   space 12800K, 0% used [0x00000000e5b80000,0x00000000e5b80000,0x00000000e6800000)
 ParOldGen       total 111616K, used 11069K [0x00000000a0000000, 0x00000000a6d00000, 0x00000000e0000000)
  object space 111616K, 9% used [0x00000000a0000000,0x00000000a0acf488,0x00000000a6d00000)
 Metaspace       used 34527K, capacity 35300K, committed 35416K, reserved 1079296K
  class space    used 4756K, capacity 4957K, committed 4992K, reserved 1048576K
}
Event: 7.307 GC heap before
{Heap before GC invocations=8 (full 2):
 PSYoungGen      total 104448K, used 11020K [0x00000000e0000000, 0x00000000e7480000, 0x0000000100000000)
  eden space 93184K, 0% used [0x00000000e0000000,0x00000000e0000000,0x00000000e5b00000)
  from space 11264K, 97% used [0x00000000e6980000,0x00000000e74430f0,0x00000000e7480000)
  to   space 12800K, 0% used [0x00000000e5b80000,0x00000000e5b80000,0x00000000e6800000)
 ParOldGen       total 111616K, used 11069K [0x00000000a0000000, 0x00000000a6d00000, 0x00000000e0000000)
  object space 111616K, 9% used [0x00000000a0000000,0x00000000a0acf488,0x00000000a6d00000)
 Metaspace       used 34527K, capacity 35300K, committed 35416K, reserved 1079296K
  class space    used 4756K, capacity 4957K, committed 4992K, reserved 1048576K
Event: 7.352 GC heap after
Heap after GC invocations=8 (full 2):
 PSYoungGen      total 104448K, used 0K [0x00000000e0000000, 0x00000000e7480000, 0x0000000100000000)
  eden space 93184K, 0% used [0x00000000e0000000,0x00000000e0000000,0x00000000e5b00000)
  from space 11264K, 0% used [0x00000000e6980000,0x00000000e6980000,0x00000000e7480000)
  to   space 12800K, 0% used [0x00000000e5b80000,0x00000000e5b80000,0x00000000e6800000)
 ParOldGen       total 179200K, used 18318K [0x00000000a0000000, 0x00000000aaf00000, 0x00000000e0000000)
  object space 179200K, 10% used [0x00000000a0000000,0x00000000a11e3bb8,0x00000000aaf00000)
 Metaspace       used 34492K, capacity 35180K, committed 35416K, reserved 1079296K
  class space    used 4746K, capacity 4937K, committed 4992K, reserved 1048576K
}
Event: 9.776 GC heap before
{Heap before GC invocations=9 (full 2):
 PSYoungGen      total 104448K, used 93184K [0x00000000e0000000, 0x00000000e7480000, 0x0000000100000000)
  eden space 93184K, 100% used [0x00000000e0000000,0x00000000e5b00000,0x00000000e5b00000)
  from space 11264K, 0% used [0x00000000e6980000,0x00000000e6980000,0x00000000e7480000)
  to   space 12800K, 0% used [0x00000000e5b80000,0x00000000e5b80000,0x00000000e6800000)
 ParOldGen       total 179200K, used 18318K [0x00000000a0000000, 0x00000000aaf00000, 0x00000000e0000000)
  object space 179200K, 10% used [0x00000000a0000000,0x00000000a11e3bb8,0x00000000aaf00000)
 Metaspace       used 44530K, capacity 45364K, committed 45656K, reserved 1089536K
  class space    used 5992K, capacity 6218K, committed 6272K, reserved 1048576K
Event: 9.788 GC heap after
Heap after GC invocations=9 (full 2):
 PSYoungGen      total 106496K, used 12793K [0x00000000e0000000, 0x00000000e9b00000, 0x0000000100000000)
  eden space 93696K, 0% used [0x00000000e0000000,0x00000000e0000000,0x00000000e5b80000)
  from space 12800K, 99% used [0x00000000e5b80000,0x00000000e67fe470,0x00000000e6800000)
  to   space 14848K, 0% used [0x00000000e8c80000,0x00000000e8c80000,0x00000000e9b00000)
 ParOldGen       total 179200K, used 19618K [0x00000000a0000000, 0x00000000aaf00000, 0x00000000e0000000)
  object space 179200K, 10% used [0x00000000a0000000,0x00000000a1328820,0x00000000aaf00000)
 Metaspace       used 44530K, capacity 45364K, committed 45656K, reserved 1089536K
  class space    used 5992K, capacity 6218K, committed 6272K, reserved 1048576K
}

Deoptimization events (10 events):
Event: 9.473 Thread 0x000000001b322000 Uncommon trap: reason=unstable_if action=reinterpret pc=0x0000000003e56070 method=java.security.CodeSource.<init>(Ljava/net/URL;[Ljava/security/CodeSigner;)V @ 25
Event: 9.475 Thread 0x000000001b322000 Uncommon trap: reason=unstable_if action=reinterpret pc=0x000000000393bdac method=java.security.CodeSource.getCertificates()[Ljava/security/cert/Certificate; @ 22
Event: 9.475 Thread 0x000000001b322000 Uncommon trap: reason=unstable_if action=reinterpret pc=0x0000000003cb3e50 method=java.util.jar.JarFile.maybeInstantiateVerifier()V @ 4
Event: 9.475 Thread 0x000000001b322000 Uncommon trap: reason=unstable_if action=reinterpret pc=0x0000000003da11e8 method=java.util.jar.JarFile.maybeInstantiateVerifier()V @ 4
Event: 9.475 Thread 0x000000001b322000 Uncommon trap: reason=unstable_if action=reinterpret pc=0x0000000003ead4d0 method=java.security.CodeSource.matchCerts(Ljava/security/CodeSource;Z)Z @ 11
Event: 9.497 Thread 0x000000001b322000 Uncommon trap: reason=unstable_if action=reinterpret pc=0x00000000035104bc method=java.util.LinkedHashMap.get(Ljava/lang/Object;)Ljava/lang/Object; @ 20
Event: 9.549 Thread 0x000000001b322000 Uncommon trap: reason=unstable_if action=reinterpret pc=0x0000000003c5d0a8 method=org.objectweb.asm.ByteVector.putUTF8(Ljava/lang/String;)Lorg/objectweb/asm/ByteVector; @ 93
Event: 9.631 Thread 0x000000001b322000 Uncommon trap: reason=unstable_if action=reinterpret pc=0x0000000003bd0170 method=org.objectweb.asm.ByteVector.putUTF8(Ljava/lang/String;)Lorg/objectweb/asm/ByteVector; @ 93
Event: 9.843 Thread 0x000000001b322000 Uncommon trap: reason=unstable_if action=reinterpret pc=0x0000000003ccc0a0 method=org.gradle.internal.reflect.PropertyAccessorType.of(Ljava/lang/reflect/Method;)Lorg/gradle/internal/reflect/PropertyAccessorType; @ 56
Event: 10.042 Thread 0x000000001b322000 Uncommon trap: reason=unstable_if action=reinterpret pc=0x00000000039ebb30 method=org.gradle.internal.instantiation.AbstractClassGenerator$InjectionAnnotationValidator.validateMethod(Ljava/lang/reflect/Method;Lorg/gradle/internal/reflect/PropertyAccessorT

Classes redefined (0 events):
No events

Internal exceptions (10 events):
Event: 9.983 Thread 0x000000001b322000 Exception <a 'java/lang/ClassNotFoundException': org/gradle/api/internal/file/CompositeFileTreeCustomizer> (0x00000000e1940ae8) thrown at [D:\src\AOSP-openjdk-cygwin\jdk8u\hotspot\src\share\vm\classfile\systemDictionary.cpp, line 210]
Event: 9.984 Thread 0x000000001b322000 Exception <a 'java/lang/ClassNotFoundException': org/gradle/api/internal/file/collections/DefaultConfigurableFileTreeCustomizer> (0x00000000e198e798) thrown at [D:\src\AOSP-openjdk-cygwin\jdk8u\hotspot\src\share\vm\classfile\systemDictionary.cpp, line 210
Event: 10.146 Thread 0x000000001b322000 Exception <a 'java/lang/ClassNotFoundException': org/gradle/api/plugins/internal/DefaultBasePluginConventionBeanInfo> (0x00000000e2275530) thrown at [D:\src\AOSP-openjdk-cygwin\jdk8u\hotspot\src\share\vm\classfile\systemDictionary.cpp, line 210]
Event: 10.146 Thread 0x000000001b322000 Exception <a 'java/lang/ClassNotFoundException': org/gradle/api/plugins/BasePluginConventionBeanInfo> (0x00000000e229b190) thrown at [D:\src\AOSP-openjdk-cygwin\jdk8u\hotspot\src\share\vm\classfile\systemDictionary.cpp, line 210]
Event: 10.146 Thread 0x000000001b322000 Exception <a 'java/lang/ClassNotFoundException': org/gradle/api/plugins/BasePluginConventionCustomizer> (0x00000000e22c17d0) thrown at [D:\src\AOSP-openjdk-cygwin\jdk8u\hotspot\src\share\vm\classfile\systemDictionary.cpp, line 210]
Event: 10.147 Thread 0x000000001b322000 Exception <a 'java/lang/ClassNotFoundException': org/gradle/api/plugins/internal/DefaultBasePluginConventionCustomizer> (0x00000000e2301138) thrown at [D:\src\AOSP-openjdk-cygwin\jdk8u\hotspot\src\share\vm\classfile\systemDictionary.cpp, line 210]
Event: 10.155 Thread 0x000000001b322000 Exception <a 'java/lang/NoSuchMethodError': java.lang.Object.lambda$comparing$77a9974f$1(Ljava/util/function/Function;Ljava/lang/Object;Ljava/lang/Object;)I> (0x00000000e2377ef8) thrown at [D:\src\AOSP-openjdk-cygwin\jdk8u\hotspot\src\share\vm\interpreter
Event: 10.156 Thread 0x000000001b322000 Exception <a 'java/lang/NoSuchMethodError': java.lang.Object.lambda$comparingInt$7b0bb60$1(Ljava/util/function/ToIntFunction;Ljava/lang/Object;Ljava/lang/Object;)I> (0x00000000e23824e0) thrown at [D:\src\AOSP-openjdk-cygwin\jdk8u\hotspot\src\share\vm\inte
Event: 10.156 Thread 0x000000001b322000 Exception <a 'java/lang/NoSuchMethodError': java.lang.Object.lambda$thenComparing$36697e65$1(Ljava/util/Comparator;Ljava/lang/Object;Ljava/lang/Object;)I> (0x00000000e238b068) thrown at [D:\src\AOSP-openjdk-cygwin\jdk8u\hotspot\src\share\vm\interpreter\li
Event: 10.157 Thread 0x000000001b322000 Exception <a 'java/lang/NoSuchMethodError': java.lang.Object.lambda$comparing$ea9a8b3a$1(Ljava/util/Comparator;Ljava/util/function/Function;Ljava/lang/Object;Ljava/lang/Object;)I> (0x00000000e2398b18) thrown at [D:\src\AOSP-openjdk-cygwin\jdk8u\hotspot\sr

Events (10 events):
Event: 10.227 loading class com/android/build/gradle/internal/dependency/ProvidedClasspathSubtractor$fileToIds$1
Event: 10.227 loading class com/android/build/gradle/internal/dependency/ProvidedClasspathSubtractor$fileToIds$1 done
Event: 10.227 loading class com/android/build/gradle/internal/dependency/ProvidedClasspathSubtractor$excludes$1
Event: 10.227 loading class com/android/build/gradle/internal/dependency/ProvidedClasspathSubtractor$excludes$1 done
Event: 10.227 loading class com/android/build/gradle/internal/dependency/ProvidedClasspathSubtractor$getFileCollection$1
Event: 10.227 loading class com/android/build/gradle/internal/dependency/ProvidedClasspathSubtractor$getFileCollection$1 done
Event: 10.228 loading class org/gradle/api/internal/file/AbstractFileCollection$3
Event: 10.228 loading class org/gradle/api/internal/file/AbstractFileCollection$3 done
Event: 10.228 loading class org/gradle/api/internal/file/AbstractFileCollection$4
Event: 10.228 loading class org/gradle/api/internal/file/AbstractFileCollection$4 done


Dynamic libraries:
0x00007ff61ca20000 - 0x00007ff61ca51000 	C:\Program Files\AndroidStudio\jre\bin\java.exe
0x00007ffbc40e0000 - 0x00007ffbc42d0000 	C:\WINDOWS\SYSTEM32\ntdll.dll
0x00007ffbc2190000 - 0x00007ffbc2242000 	C:\WINDOWS\System32\KERNEL32.DLL
0x00007ffbc1ab0000 - 0x00007ffbc1d53000 	C:\WINDOWS\System32\KERNELBASE.dll
0x00007ffbc2ca0000 - 0x00007ffbc2d43000 	C:\WINDOWS\System32\ADVAPI32.dll
0x00007ffbc3710000 - 0x00007ffbc37ae000 	C:\WINDOWS\System32\msvcrt.dll
0x00007ffbc3860000 - 0x00007ffbc38f7000 	C:\WINDOWS\System32\sechost.dll
0x00007ffbc3f50000 - 0x00007ffbc4070000 	C:\WINDOWS\System32\RPCRT4.dll
0x00007ffbc3db0000 - 0x00007ffbc3f44000 	C:\WINDOWS\System32\USER32.dll
0x00007ffbc1870000 - 0x00007ffbc1891000 	C:\WINDOWS\System32\win32u.dll
0x00007ffbc24c0000 - 0x00007ffbc24e6000 	C:\WINDOWS\System32\GDI32.dll
0x00007ffbc1ea0000 - 0x00007ffbc2034000 	C:\WINDOWS\System32\gdi32full.dll
0x00007ffbc1a10000 - 0x00007ffbc1aae000 	C:\WINDOWS\System32\msvcp_win.dll
0x00007ffbc2040000 - 0x00007ffbc213a000 	C:\WINDOWS\System32\ucrtbase.dll
0x00007ffbb0e40000 - 0x00007ffbb10c5000 	C:\WINDOWS\WinSxS\amd64_microsoft.windows.common-controls_6595b64144ccf1df_6.0.18362.476_none_e6c4b11b130f2595\COMCTL32.dll
0x00007ffbc24f0000 - 0x00007ffbc2826000 	C:\WINDOWS\System32\combase.dll
0x00007ffbc17f0000 - 0x00007ffbc1870000 	C:\WINDOWS\System32\bcryptPrimitives.dll
0x00007ffbc4070000 - 0x00007ffbc409e000 	C:\WINDOWS\System32\IMM32.DLL
0x0000000054ed0000 - 0x0000000054fa2000 	C:\Program Files\AndroidStudio\jre\jre\bin\msvcr100.dll
0x0000000055090000 - 0x00000000558d6000 	C:\Program Files\AndroidStudio\jre\jre\bin\server\jvm.dll
0x00007ffbc35a0000 - 0x00007ffbc35a8000 	C:\WINDOWS\System32\PSAPI.DLL
0x00007ffbbee00000 - 0x00007ffbbee24000 	C:\WINDOWS\SYSTEM32\WINMM.dll
0x00007ffbb8950000 - 0x00007ffbb895a000 	C:\WINDOWS\SYSTEM32\VERSION.dll
0x00007ffbbedd0000 - 0x00007ffbbedfd000 	C:\WINDOWS\SYSTEM32\winmmbase.dll
0x00007ffbbaa60000 - 0x00007ffbbaa69000 	C:\WINDOWS\SYSTEM32\WSOCK32.dll
0x00007ffbc2140000 - 0x00007ffbc218a000 	C:\WINDOWS\System32\cfgmgr32.dll
0x00007ffbc3530000 - 0x00007ffbc359f000 	C:\WINDOWS\System32\WS2_32.dll
0x00007ffbb22c0000 - 0x00007ffbb22cf000 	C:\Program Files\AndroidStudio\jre\jre\bin\verify.dll
0x00007ffbb0610000 - 0x00007ffbb0639000 	C:\Program Files\AndroidStudio\jre\jre\bin\java.dll
0x00007ffbaa6d0000 - 0x00007ffbaa6e6000 	C:\Program Files\AndroidStudio\jre\jre\bin\zip.dll
0x00007ffbc2db0000 - 0x00007ffbc3495000 	C:\WINDOWS\System32\SHELL32.dll
0x00007ffbc23f0000 - 0x00007ffbc2499000 	C:\WINDOWS\System32\shcore.dll
0x00007ffbc1070000 - 0x00007ffbc17ee000 	C:\WINDOWS\System32\windows.storage.dll
0x00007ffbc1030000 - 0x00007ffbc104f000 	C:\WINDOWS\System32\profapi.dll
0x00007ffbc0fc0000 - 0x00007ffbc100a000 	C:\WINDOWS\System32\powrprof.dll
0x00007ffbc0fb0000 - 0x00007ffbc0fc0000 	C:\WINDOWS\System32\UMPDC.dll
0x00007ffbc22b0000 - 0x00007ffbc2302000 	C:\WINDOWS\System32\shlwapi.dll
0x00007ffbc1010000 - 0x00007ffbc1021000 	C:\WINDOWS\System32\kernel.appcore.dll
0x00007ffbc19f0000 - 0x00007ffbc1a07000 	C:\WINDOWS\System32\cryptsp.dll
0x00007ffbaa6b0000 - 0x00007ffbaa6ca000 	C:\Program Files\AndroidStudio\jre\jre\bin\net.dll
0x00007ffbc0820000 - 0x00007ffbc0887000 	C:\WINDOWS\system32\mswsock.dll
0x00007ffbaa620000 - 0x00007ffbaa631000 	C:\Program Files\AndroidStudio\jre\jre\bin\nio.dll
0x00007ffbb2510000 - 0x00007ffbb2536000 	C:\Users\daxis\.gradle\native\29\windows-amd64\native-platform.dll
0x00007ffbb0600000 - 0x00007ffbb060d000 	C:\Program Files\AndroidStudio\jre\jre\bin\management.dll
0x00007ffbc0390000 - 0x00007ffbc03c3000 	C:\WINDOWS\system32\rsaenh.dll
0x00007ffbc1d60000 - 0x00007ffbc1d86000 	C:\WINDOWS\System32\bcrypt.dll
0x00007ffbc0ed0000 - 0x00007ffbc0ef5000 	C:\WINDOWS\SYSTEM32\USERENV.dll
0x00007ffbc09f0000 - 0x00007ffbc09fc000 	C:\WINDOWS\SYSTEM32\CRYPTBASE.dll
0x00007ffbc0530000 - 0x00007ffbc056a000 	C:\WINDOWS\SYSTEM32\IPHLPAPI.DLL
0x00007ffbc34a0000 - 0x00007ffbc34a8000 	C:\WINDOWS\System32\NSI.dll
0x00007ffbb18a0000 - 0x00007ffbb18b6000 	C:\WINDOWS\SYSTEM32\dhcpcsvc6.DLL
0x00007ffbb1880000 - 0x00007ffbb189c000 	C:\WINDOWS\SYSTEM32\dhcpcsvc.DLL
0x00007ffbc0570000 - 0x00007ffbc063a000 	C:\WINDOWS\SYSTEM32\DNSAPI.dll

VM Arguments:
jvm_args: -Xmx1536m -Dfile.encoding=windows-1252 -Duser.country=MX -Duser.language=es -Duser.variant 
java_command: org.gradle.launcher.daemon.bootstrap.GradleDaemon 5.4.1
java_class_path (initial): C:\Users\daxis\.gradle\wrapper\dists\gradle-5.4.1-all\3221gyojl5jsh0helicew7rwx\gradle-5.4.1\lib\gradle-launcher-5.4.1.jar
Launcher Type: SUN_STANDARD

Environment Variables:
JAVA_HOME=C:\Program Files\Java\jdk1.8.0_161
PATH=C:\Program Files (x86)\Common Files\Oracle\Java\javapath;C:\ProgramData\Oracle\Java\javapath;C:\Program Files (x86)\Common Files\Intel\Shared Libraries\redist\intel64\compiler;C:\Program Files (x86)\Intel\iCLS Client\;C:\Program Files\Intel\iCLS Client\;C:\Windows\system32;C:\Windows;C:\Windows\System32\Wbem;C:\Windows\System32\WindowsPowerShell\v1.0\;C:\Program Files (x86)\Intel\Intel(R) Management Engine Components\DAL;C:\Program Files\Intel\Intel(R) Management Engine Components\DAL;C:\Program Files (x86)\Intel\Intel(R) Management Engine Components\IPT;C:\Program Files\Intel\Intel(R) Management Engine Components\IPT;C:\Program Files (x86)\NVIDIA Corporation\PhysX\Common;C:\WINDOWS\system32;C:\WINDOWS;C:\WINDOWS\System32\Wbem;C:\WINDOWS\System32\WindowsPowerShell\v1.0\;C:\Program Files (x86)\GtkSharp\2.12\bin;C:\Program Files\Java\jdk1.8.0_161\bin;C:\WINDOWS\System32\OpenSSH\;C:\Program Files\Git\cmd;C:\Go\bin;C:\Program Files\dotnet\;C:\Program Files\Java\jdk1.8.0_161\bin;C:\Users\daxis\AppData\Local\Programs\Python\Python37-32\Scripts\;C:\Users\daxis\AppData\Local\Programs\Python\Python37-32\;C:\Users\daxis\AppData\Local\Microsoft\WindowsApps;C:\Program Files\adb y fastboot;C:\Users\daxis\go\bin;C:\Users\daxis\AppData\Local\Programs\Microsoft VS Code\bin;C:\Users\daxis\AppData\Local\Programs\Fiddler;%USERPROFILE%\AppData\Local\Microsoft\WindowsApps;
USERNAME=alpha
OS=Windows_NT
PROCESSOR_IDENTIFIER=Intel64 Family 6 Model 158 Stepping 9, GenuineIntel



---------------  S Y S T E M  ---------------

OS: Windows 10.0 , 64 bit Build 18362 (10.0.18362.329)

CPU:total 8 (initial active 8) (4 cores per cpu, 2 threads per core) family 6 model 158 stepping 9, cmov, cx8, fxsr, mmx, sse, sse2, sse3, ssse3, sse4.1, sse4.2, popcnt, avx, avx2, aes, clmul, erms, 3dnowpref, lzcnt, ht, tsc, tscinvbit, bmi1, bmi2, adx

Memory: 4k page, physical 16658020k(4637548k free), swap 17528420k(5120k free)

vm_info: OpenJDK 64-Bit Server VM (25.202-b03) for windows-amd64 JRE (1.8.0_202-release-1483-b03), built by "builder" with MS VC++ 10.0 (VS2010)

time: Tue Dec 03 18:20:32 2019
timezone: Hora estándar central (México)
elapsed time: 10 seconds (0d 0h 0m 10s)

